[2024-06-18 22:33:39.173] [puff::index::jointLog] [info] Running fixFasta
[2024-06-18 22:33:39.226] [puff::index::jointLog] [warning] Entry with header [chr1] was longer than 400000 nucleotides.  This is probably a chromosome instead of a transcript.
[2024-06-18 22:33:39.245] [puff::index::jointLog] [warning] Entry with header [chr2] was longer than 400000 nucleotides.  This is probably a chromosome instead of a transcript.
[2024-06-18 22:33:39.260] [puff::index::jointLog] [warning] Entry with header [chr3] was longer than 400000 nucleotides.  This is probably a chromosome instead of a transcript.
[2024-06-18 22:33:39.274] [puff::index::jointLog] [warning] Entry with header [chr4] was longer than 400000 nucleotides.  This is probably a chromosome instead of a transcript.
[2024-06-18 22:33:39.287] [puff::index::jointLog] [warning] Entry with header [chr5] was longer than 400000 nucleotides.  This is probably a chromosome instead of a transcript.
[2024-06-18 22:33:39.300] [puff::index::jointLog] [warning] Entry with header [chr6] was longer than 400000 nucleotides.  This is probably a chromosome instead of a transcript.
[2024-06-18 22:33:39.313] [puff::index::jointLog] [warning] Entry with header [chr7] was longer than 400000 nucleotides.  This is probably a chromosome instead of a transcript.
[2024-06-18 22:33:39.325] [puff::index::jointLog] [warning] Entry with header [chrX] was longer than 400000 nucleotides.  This is probably a chromosome instead of a transcript.
[2024-06-18 22:33:39.335] [puff::index::jointLog] [warning] Entry with header [chr8] was longer than 400000 nucleotides.  This is probably a chromosome instead of a transcript.
[2024-06-18 22:33:39.347] [puff::index::jointLog] [warning] Entry with header [chr9] was longer than 400000 nucleotides.  This is probably a chromosome instead of a transcript.
[2024-06-18 22:33:39.356] [puff::index::jointLog] [warning] Entry with header [chr10] was longer than 400000 nucleotides.  This is probably a chromosome instead of a transcript.
[2024-06-18 22:33:39.366] [puff::index::jointLog] [warning] Entry with header [chr11] was longer than 400000 nucleotides.  This is probably a chromosome instead of a transcript.
[2024-06-18 22:33:39.376] [puff::index::jointLog] [warning] Entry with header [chr12] was longer than 400000 nucleotides.  This is probably a chromosome instead of a transcript.
[2024-06-18 22:33:39.389] [puff::index::jointLog] [warning] Entry with header [chr13] was longer than 400000 nucleotides.  This is probably a chromosome instead of a transcript.
[2024-06-18 22:33:39.400] [puff::index::jointLog] [warning] Entry with header [chr14] was longer than 400000 nucleotides.  This is probably a chromosome instead of a transcript.
[2024-06-18 22:33:39.411] [puff::index::jointLog] [warning] Entry with header [chr15] was longer than 400000 nucleotides.  This is probably a chromosome instead of a transcript.
[2024-06-18 22:33:39.420] [puff::index::jointLog] [warning] Entry with header [chr16] was longer than 400000 nucleotides.  This is probably a chromosome instead of a transcript.
[2024-06-18 22:33:39.426] [puff::index::jointLog] [warning] Entry with header [chr17] was longer than 400000 nucleotides.  This is probably a chromosome instead of a transcript.
[2024-06-18 22:33:39.460] [puff::index::jointLog] [warning] Entry with header [chr18_gl000207_random], had length less than equal to the k-mer length of 31 (perhaps after poly-A clipping)
[2024-06-18 22:33:39.462] [puff::index::jointLog] [info] Replaced 3,302,423 non-ATCG nucleotides
[2024-06-18 22:33:39.462] [puff::index::jointLog] [info] Clipped poly-A tails from 0 transcripts
[2024-06-18 22:33:39.496] [puff::index::jointLog] [info] Filter size not provided; estimating from number of distinct k-mers
[2024-06-18 22:33:39.681] [puff::index::jointLog] [info] ntHll estimated 13686793 distinct k-mers, setting filter size to 2^28
[2024-06-18 22:33:42.997] [puff::index::jointLog] [info] Starting the Pufferfish indexing by reading the GFA binary file.
[2024-06-18 22:33:42.997] [puff::index::jointLog] [info] Setting the index/BinaryGfa directory salmon_index
[2024-06-18 22:33:43.012] [puff::index::jointLog] [info] Done wrapping the rank vector with a rank9sel structure.
[2024-06-18 22:33:43.013] [puff::index::jointLog] [info] contig count for validation: 106,080
[2024-06-18 22:33:43.020] [puff::index::jointLog] [info] Total # of Contigs : 106,080
[2024-06-18 22:33:43.020] [puff::index::jointLog] [info] Total # of numerical Contigs : 106,080
[2024-06-18 22:33:43.020] [puff::index::jointLog] [info] Total # of contig vec entries: 471,485
[2024-06-18 22:33:43.020] [puff::index::jointLog] [info] bits per offset entry 19
[2024-06-18 22:33:43.021] [puff::index::jointLog] [info] Done constructing the contig vector. 106081
[2024-06-18 22:33:43.033] [puff::index::jointLog] [info] # segments = 106,080
[2024-06-18 22:33:43.033] [puff::index::jointLog] [info] total length = 16,922,224
[2024-06-18 22:33:43.034] [puff::index::jointLog] [info] Reading the reference files ...
[2024-06-18 22:33:43.079] [puff::index::jointLog] [info] positional integer width = 25
[2024-06-18 22:33:43.079] [puff::index::jointLog] [info] seqSize = 16,922,224
[2024-06-18 22:33:43.079] [puff::index::jointLog] [info] rankSize = 16,922,224
[2024-06-18 22:33:43.079] [puff::index::jointLog] [info] edgeVecSize = 0
[2024-06-18 22:33:43.079] [puff::index::jointLog] [info] num keys = 13,739,824
[2024-06-18 22:33:43.226] [puff::index::jointLog] [info] mphf size = 8.58283 MB
[2024-06-18 22:33:43.234] [puff::index::jointLog] [info] chunk size = 4,230,556
[2024-06-18 22:33:43.234] [puff::index::jointLog] [info] chunk 0 = [0, 4,230,560)
[2024-06-18 22:33:43.234] [puff::index::jointLog] [info] chunk 1 = [4,230,560, 8,461,116)
[2024-06-18 22:33:43.234] [puff::index::jointLog] [info] chunk 2 = [8,461,116, 12,691,672)
[2024-06-18 22:33:43.234] [puff::index::jointLog] [info] chunk 3 = [12,691,672, 16,922,194)
[2024-06-18 22:33:43.601] [puff::index::jointLog] [info] finished populating pos vector
[2024-06-18 22:33:43.601] [puff::index::jointLog] [info] writing index components
[2024-06-18 22:33:43.654] [puff::index::jointLog] [info] finished writing dense pufferfish index
