Threads = 4
Vertex length = 31
Hash functions = 5
Filter size = 268435456
Capacity = 2
Files: 
salmon_index/ref_k31_fixed.fa
--------------------------------------------------------------------------------
Round 0, 0:268435456
Pass	Filling	Filtering
1	1	1	
2	0	0
True junctions count = 65583
False junctions count = 123127
Hash table size = 188710
Candidate marks count = 641285
--------------------------------------------------------------------------------
Reallocating bifurcations time: 0
True marks count: 444428
Edges construction time: 1
--------------------------------------------------------------------------------
Distinct junctions = 65583

for info, total work write each  : 2.331    total work inram from level 3 : 4.322  total work raw : 25.000 
Bitarray        71998016  bits (100.00 %)   (array + ranks )
final hash             0  bits (0.00 %) (nb in final hash 0)
