Threads = 4
Vertex length = 31
Hash functions = 5
Filter size = 134217728
Capacity = 2
Files: 
salmon_index/ref_k31_fixed.fa
--------------------------------------------------------------------------------
Round 0, 0:134217728
Pass	Filling	Filtering
1	0	1	
2	0	0
True junctions count = 1305
False junctions count = 3722
Hash table size = 5027
Candidate marks count = 9310
--------------------------------------------------------------------------------
Reallocating bifurcations time: 0
True marks count: 4950
Edges construction time: 0
--------------------------------------------------------------------------------
Distinct junctions = 1305

for info, total work write each  : 2.331    total work inram from level 3 : 4.322  total work raw : 25.000 
Bitarray        23824448  bits (100.00 %)   (array + ranks )
final hash             0  bits (0.00 %) (nb in final hash 0)
