[2024-06-18 22:32:42.680] [puff::index::jointLog] [info] Running fixFasta
[2024-06-18 22:32:42.778] [puff::index::jointLog] [warning] Entry with header [CP009273.1] was longer than 400000 nucleotides.  This is probably a chromosome instead of a transcript.
[2024-06-18 22:32:42.781] [puff::index::jointLog] [info] Replaced 0 non-ATCG nucleotides
[2024-06-18 22:32:42.781] [puff::index::jointLog] [info] Clipped poly-A tails from 0 transcripts
[2024-06-18 22:32:42.788] [puff::index::jointLog] [info] Filter size not provided; estimating from number of distinct k-mers
[2024-06-18 22:32:42.848] [puff::index::jointLog] [info] ntHll estimated 4513357 distinct k-mers, setting filter size to 2^27
[2024-06-18 22:32:43.519] [puff::index::jointLog] [info] Starting the Pufferfish indexing by reading the GFA binary file.
[2024-06-18 22:32:43.520] [puff::index::jointLog] [info] Setting the index/BinaryGfa directory salmon_index
[2024-06-18 22:32:43.523] [puff::index::jointLog] [info] Done wrapping the rank vector with a rank9sel structure.
[2024-06-18 22:32:43.524] [puff::index::jointLog] [info] contig count for validation: 2,055
[2024-06-18 22:32:43.524] [puff::index::jointLog] [info] Total # of Contigs : 2,055
[2024-06-18 22:32:43.524] [puff::index::jointLog] [info] Total # of numerical Contigs : 2,055
[2024-06-18 22:32:43.524] [puff::index::jointLog] [info] Total # of contig vec entries: 5,108
[2024-06-18 22:32:43.524] [puff::index::jointLog] [info] bits per offset entry 13
[2024-06-18 22:32:43.524] [puff::index::jointLog] [info] Done constructing the contig vector. 2056
[2024-06-18 22:32:43.525] [puff::index::jointLog] [info] # segments = 2,055
[2024-06-18 22:32:43.525] [puff::index::jointLog] [info] total length = 4,607,492
[2024-06-18 22:32:43.525] [puff::index::jointLog] [info] Reading the reference files ...
[2024-06-18 22:32:43.537] [puff::index::jointLog] [info] positional integer width = 23
[2024-06-18 22:32:43.537] [puff::index::jointLog] [info] seqSize = 4,607,492
[2024-06-18 22:32:43.537] [puff::index::jointLog] [info] rankSize = 4,607,492
[2024-06-18 22:32:43.537] [puff::index::jointLog] [info] edgeVecSize = 0
[2024-06-18 22:32:43.537] [puff::index::jointLog] [info] num keys = 4,545,842
[2024-06-18 22:32:43.596] [puff::index::jointLog] [info] mphf size = 2.8401 MB
[2024-06-18 22:32:43.599] [puff::index::jointLog] [info] chunk size = 1,151,873
[2024-06-18 22:32:43.599] [puff::index::jointLog] [info] chunk 0 = [0, 1,151,873)
[2024-06-18 22:32:43.599] [puff::index::jointLog] [info] chunk 1 = [1,151,873, 2,303,746)
[2024-06-18 22:32:43.599] [puff::index::jointLog] [info] chunk 2 = [2,303,746, 3,455,619)
[2024-06-18 22:32:43.599] [puff::index::jointLog] [info] chunk 3 = [3,455,619, 4,607,462)
[2024-06-18 22:32:43.657] [puff::index::jointLog] [info] finished populating pos vector
[2024-06-18 22:32:43.657] [puff::index::jointLog] [info] writing index components
[2024-06-18 22:32:43.674] [puff::index::jointLog] [info] finished writing dense pufferfish index
