                                 Started job on |	Jun 18 23:49:37
                             Started mapping on |	Jun 18 23:49:37
                                    Finished on |	Jun 18 23:50:11
       Mapping speed, Million of reads per hour |	1.06

                          Number of input reads |	10040
                      Average input read length |	300
                                    UNIQUE READS:
                   Uniquely mapped reads number |	552
                        Uniquely mapped reads % |	5.50%
                          Average mapped length |	293.80
                       Number of splices: Total |	76
            Number of splices: Annotated (sjdb) |	9
                       Number of splices: GT/AG |	71
                       Number of splices: GC/AG |	2
                       Number of splices: AT/AC |	0
               Number of splices: Non-canonical |	3
                      Mismatch rate per base, % |	1.56%
                         Deletion rate per base |	0.03%
                        Deletion average length |	1.23
                        Insertion rate per base |	0.00%
                       Insertion average length |	1.33
                             MULTI-MAPPING READS:
        Number of reads mapped to multiple loci |	22
             % of reads mapped to multiple loci |	0.22%
        Number of reads mapped to too many loci |	0
             % of reads mapped to too many loci |	0.00%
                                  UNMAPPED READS:
  Number of reads unmapped: too many mismatches |	0
       % of reads unmapped: too many mismatches |	0.00%
            Number of reads unmapped: too short |	9366
                 % of reads unmapped: too short |	93.29%
                Number of reads unmapped: other |	100
                     % of reads unmapped: other |	1.00%
                                  CHIMERIC READS:
                       Number of chimeric reads |	0
                            % of chimeric reads |	0.00%
