                                 Started job on |	Jun 18 23:36:32
                             Started mapping on |	Jun 18 23:36:32
                                    Finished on |	Jun 18 23:36:40
       Mapping speed, Million of reads per hour |	4.50

                          Number of input reads |	10000
                      Average input read length |	96
                                    UNIQUE READS:
                   Uniquely mapped reads number |	597
                        Uniquely mapped reads % |	5.97%
                          Average mapped length |	96.84
                       Number of splices: Total |	165
            Number of splices: Annotated (sjdb) |	0
                       Number of splices: GT/AG |	143
                       Number of splices: GC/AG |	4
                       Number of splices: AT/AC |	0
               Number of splices: Non-canonical |	18
                      Mismatch rate per base, % |	6.28%
                         Deletion rate per base |	0.07%
                        Deletion average length |	1.48
                        Insertion rate per base |	0.04%
                       Insertion average length |	1.75
                             MULTI-MAPPING READS:
        Number of reads mapped to multiple loci |	536
             % of reads mapped to multiple loci |	5.36%
        Number of reads mapped to too many loci |	12
             % of reads mapped to too many loci |	0.12%
                                  UNMAPPED READS:
  Number of reads unmapped: too many mismatches |	0
       % of reads unmapped: too many mismatches |	0.00%
            Number of reads unmapped: too short |	8299
                 % of reads unmapped: too short |	82.99%
                Number of reads unmapped: other |	556
                     % of reads unmapped: other |	5.56%
                                  CHIMERIC READS:
                       Number of chimeric reads |	0
                            % of chimeric reads |	0.00%
