Version Server Response: Not Found
### salmon (selective-alignment-based) v1.10.3
### [ program ] => salmon 
### [ command ] => quant 
### [ threads ] => { 4 }
### [ libType ] => { U }
### [ index ] => { salmon_index }
### [ mates1 ] => { ecol_1.fq }
### [ mates2 ] => { ecol_2.fq }
### [ output ] => { ecol }
Logs will be written to ecol/logs
[2024-06-18 22:32:43.758] [jointLog] [info] setting maxHashResizeThreads to 4
[2024-06-18 22:32:43.758] [jointLog] [info] Fragment incompatibility prior below threshold.  Incompatible fragments will be ignored.
-----------------------------------------
| Loading contig table | Time = 341.12 us
-----------------------------------------
size = 2056
-----------------------------------------
| Loading contig offsets | Time = 37.083 us
-----------------------------------------
-----------------------------------------
| Loading reference lengths | Time = 4.042 us
-----------------------------------------
-----------------------------------------
| Loading mphf table | Time = 1.3113 ms
-----------------------------------------
size = 4607492
Number of ones: 2055
Number of ones per inventory item: 512
Inventory entries filled: 5
-----------------------------------------
| Loading contig boundaries | Time = 3.9993 ms
-----------------------------------------
size = 4607492
-----------------------------------------
| Loading sequence | Time = 497.88 us
-----------------------------------------
size = 4545842
-----------------------------------------
| Loading positions | Time = 5.1422 ms
-----------------------------------------
size = 4631469
-----------------------------------------
| Loading reference sequence | Time = 502.5 us
-----------------------------------------
-----------------------------------------
| Loading reference accumulative lengths | Time = 4.167 us
-----------------------------------------
[2024-06-18 22:32:43.758] [jointLog] [info] Usage of --validateMappings implies use of minScoreFraction. Since not explicitly specified, it is being set to 0.65
[2024-06-18 22:32:43.759] [jointLog] [info] Setting consensusSlack to selective-alignment default of 0.35.
[2024-06-18 22:32:43.759] [jointLog] [info] parsing read library format
[2024-06-18 22:32:43.759] [jointLog] [info] There is 1 library.
[2024-06-18 22:32:43.760] [jointLog] [info] Loading pufferfish index
[2024-06-18 22:32:43.760] [jointLog] [info] Loading dense pufferfish index.
[2024-06-18 22:32:43.772] [jointLog] [info] done
[2024-06-18 22:32:43.805] [jointLog] [info] Index contained 1 targets
[2024-06-18 22:32:43.805] [jointLog] [info] Number of decoys : 0












[2024-06-18 22:32:43.858] [jointLog] [info] Computed 1 rich equivalence classes for further processing
[2024-06-18 22:32:43.858] [jointLog] [info] Counted 9,365 total reads in the equivalence classes 
[2024-06-18 22:32:43.860] [jointLog] [info] Number of mappings discarded because of alignment score : 1,200
[2024-06-18 22:32:43.860] [jointLog] [info] Number of fragments entirely discarded because of alignment score : 495
[2024-06-18 22:32:43.860] [jointLog] [info] Number of fragments discarded because they are best-mapped to decoys : 0
[2024-06-18 22:32:43.860] [jointLog] [info] Number of fragments discarded because they have only dovetail (discordant) mappings to valid targets : 535
[2024-06-18 22:32:43.860] [jointLog] [warning] Only 9365 fragments were mapped, but the number of burn-in fragments was set to 5000000.
The effective lengths have been computed using the observed mappings.

[2024-06-18 22:32:43.860] [jointLog] [info] Mapping rate = 93.65%

[2024-06-18 22:32:43.860] [jointLog] [info] finished quantifyLibrary()
[2024-06-18 22:32:43.860] [jointLog] [info] Starting optimizer
[2024-06-18 22:32:43.861] [jointLog] [info] Marked 0 weighted equivalence classes as degenerate
[2024-06-18 22:32:43.861] [jointLog] [info] iteration = 0 | max rel diff. = 0
[2024-06-18 22:32:43.861] [jointLog] [info] iteration = 100 | max rel diff. = 0
[2024-06-18 22:32:43.861] [jointLog] [info] Finished optimizer
[2024-06-18 22:32:43.861] [jointLog] [info] writing output 

[2024-06-18 22:32:43.862] [jointLog] [warning] NOTE: Read Lib [[ ecol_1.fq, ecol_2.fq]] :

Detected a *potential* strand bias > 1% in an unstranded protocol check the file: ecol/lib_format_counts.json for details

