[2024-06-18 22:32:58.957] [puff::index::jointLog] [info] Running fixFasta
[2024-06-18 22:32:58.962] [puff::index::jointLog] [info] Replaced 0 non-ATCG nucleotides
[2024-06-18 22:32:58.962] [puff::index::jointLog] [info] Clipped poly-A tails from 0 transcripts
[2024-06-18 22:32:58.963] [puff::index::jointLog] [info] Filter size not provided; estimating from number of distinct k-mers
[2024-06-18 22:32:58.966] [puff::index::jointLog] [info] ntHll estimated 147846 distinct k-mers, setting filter size to 2^22
[2024-06-18 22:32:59.021] [puff::index::jointLog] [info] Starting the Pufferfish indexing by reading the GFA binary file.
[2024-06-18 22:32:59.021] [puff::index::jointLog] [info] Setting the index/BinaryGfa directory salmon_index
[2024-06-18 22:32:59.021] [puff::index::jointLog] [info] Done wrapping the rank vector with a rank9sel structure.
[2024-06-18 22:32:59.021] [puff::index::jointLog] [info] contig count for validation: 13
[2024-06-18 22:32:59.021] [puff::index::jointLog] [info] Total # of Contigs : 13
[2024-06-18 22:32:59.021] [puff::index::jointLog] [info] Total # of numerical Contigs : 13
[2024-06-18 22:32:59.021] [puff::index::jointLog] [info] Total # of contig vec entries: 17
[2024-06-18 22:32:59.021] [puff::index::jointLog] [info] bits per offset entry 5
[2024-06-18 22:32:59.021] [puff::index::jointLog] [info] Done constructing the contig vector. 14
[2024-06-18 22:32:59.021] [puff::index::jointLog] [info] # segments = 13
[2024-06-18 22:32:59.021] [puff::index::jointLog] [info] total length = 171,333
[2024-06-18 22:32:59.021] [puff::index::jointLog] [info] Reading the reference files ...
[2024-06-18 22:32:59.023] [puff::index::jointLog] [info] positional integer width = 18
[2024-06-18 22:32:59.023] [puff::index::jointLog] [info] seqSize = 171,333
[2024-06-18 22:32:59.023] [puff::index::jointLog] [info] rankSize = 171,333
[2024-06-18 22:32:59.023] [puff::index::jointLog] [info] edgeVecSize = 0
[2024-06-18 22:32:59.023] [puff::index::jointLog] [info] num keys = 170,943
[2024-06-18 22:32:59.032] [puff::index::jointLog] [info] mphf size = 0.107491 MB
[2024-06-18 22:32:59.032] [puff::index::jointLog] [info] chunk size = 42,834
[2024-06-18 22:32:59.032] [puff::index::jointLog] [info] chunk 0 = [0, 42,834)
[2024-06-18 22:32:59.032] [puff::index::jointLog] [info] chunk 1 = [42,834, 85,668)
[2024-06-18 22:32:59.032] [puff::index::jointLog] [info] chunk 2 = [85,668, 128,502)
[2024-06-18 22:32:59.032] [puff::index::jointLog] [info] chunk 3 = [128,502, 171,303)
[2024-06-18 22:32:59.034] [puff::index::jointLog] [info] finished populating pos vector
[2024-06-18 22:32:59.034] [puff::index::jointLog] [info] writing index components
[2024-06-18 22:32:59.036] [puff::index::jointLog] [info] finished writing dense pufferfish index
