STAR version=2.7.10b
STAR compilation time,server,dir= :/Users/distiller/project/STARcompile/source
STAR git: On branch master ; commit c6f8efc2c7043ef83bf8b0d9bed36bbb6b9b1133 ; diff files: 
##### Command Line:
STAR --runThreadN 4 --runMode genomeGenerate --genomeDir human --genomeSAindexNbases 10 --genomeFastaFiles human.fa --sjdbGTFfile hg19.refGene.gtf --sjdbOverhang 99
##### Initial USER parameters from Command Line:
###### All USER parameters from Command Line:
runThreadN                    4     ~RE-DEFINED
runMode                       genomeGenerate        ~RE-DEFINED
genomeDir                     human     ~RE-DEFINED
genomeSAindexNbases           10     ~RE-DEFINED
genomeFastaFiles              human.fa        ~RE-DEFINED
sjdbGTFfile                   hg19.refGene.gtf     ~RE-DEFINED
sjdbOverhang                  99     ~RE-DEFINED
##### Finished reading parameters from all sources

##### Final user re-defined parameters-----------------:
runMode                           genomeGenerate   
runThreadN                        4
genomeDir                         human
genomeFastaFiles                  human.fa   
genomeSAindexNbases               10
sjdbGTFfile                       hg19.refGene.gtf
sjdbOverhang                      99

-------------------------------
##### Final effective command line:
STAR   --runMode genomeGenerate      --runThreadN 4   --genomeDir human   --genomeFastaFiles human.fa      --genomeSAindexNbases 10   --sjdbGTFfile hg19.refGene.gtf   --sjdbOverhang 99
----------------------------------------

Number of fastq files for each mate = 1
ParametersSolo: --soloCellFilterType CellRanger2.2 filtering parameters:  3000 0.99 10
Finished loading and checking parameters
--genomeDir directory created: human/
Jun 13 13:28:51 ... starting to generate Genome files

EXITING because of INPUT ERROR: could not open genomeFastaFile: human.fa

Jun 13 13:28:51 ...... FATAL ERROR, exiting
