[2024-06-18 22:32:59.112] [jointLog] [info] setting maxHashResizeThreads to 4
[2024-06-18 22:32:59.112] [jointLog] [info] Fragment incompatibility prior below threshold.  Incompatible fragments will be ignored.
[2024-06-18 22:32:59.112] [jointLog] [info] Usage of --validateMappings implies use of minScoreFraction. Since not explicitly specified, it is being set to 0.65
[2024-06-18 22:32:59.112] [jointLog] [info] Setting consensusSlack to selective-alignment default of 0.35.
[2024-06-18 22:32:59.112] [jointLog] [info] parsing read library format
[2024-06-18 22:32:59.113] [jointLog] [info] There is 1 library.
[2024-06-18 22:32:59.114] [jointLog] [info] Loading pufferfish index
[2024-06-18 22:32:59.114] [jointLog] [info] Loading dense pufferfish index.
[2024-06-18 22:32:59.115] [jointLog] [info] done
[2024-06-18 22:32:59.156] [jointLog] [info] Index contained 1 targets
[2024-06-18 22:32:59.156] [jointLog] [info] Number of decoys : 0
[2024-06-18 22:32:59.199] [fileLog] [info] 
At end of round 0
==================
Observed 2937 total fragments (2937 in most recent round)

[2024-06-18 22:32:59.199] [jointLog] [info] Computed 1 rich equivalence classes for further processing
[2024-06-18 22:32:59.199] [jointLog] [info] Counted 1,984 total reads in the equivalence classes 
[2024-06-18 22:32:59.200] [jointLog] [info] Number of mappings discarded because of alignment score : 1,505
[2024-06-18 22:32:59.200] [jointLog] [info] Number of fragments entirely discarded because of alignment score : 948
[2024-06-18 22:32:59.200] [jointLog] [info] Number of fragments discarded because they are best-mapped to decoys : 0
[2024-06-18 22:32:59.200] [jointLog] [info] Number of fragments discarded because they have only dovetail (discordant) mappings to valid targets : 1,044
[2024-06-18 22:32:59.200] [jointLog] [warning] Only 1984 fragments were mapped, but the number of burn-in fragments was set to 5000000.
The effective lengths have been computed using the observed mappings.

[2024-06-18 22:32:59.200] [jointLog] [info] Mapping rate = 67.5519%

[2024-06-18 22:32:59.200] [jointLog] [info] finished quantifyLibrary()
[2024-06-18 22:32:59.200] [jointLog] [info] Starting optimizer
[2024-06-18 22:32:59.201] [jointLog] [info] Marked 0 weighted equivalence classes as degenerate
[2024-06-18 22:32:59.201] [jointLog] [info] iteration = 0 | max rel diff. = 3.43811e-16
[2024-06-18 22:32:59.201] [jointLog] [info] iteration = 100 | max rel diff. = 0
[2024-06-18 22:32:59.201] [jointLog] [info] Finished optimizer
[2024-06-18 22:32:59.201] [jointLog] [info] writing output 

[2024-06-18 22:32:59.202] [jointLog] [warning] NOTE: Read Lib [[ gut_1.fq, gut_2.fq]] :

Detected a *potential* strand bias > 1% in an unstranded protocol check the file: gut/lib_format_counts.json for details

