Threads = 4
Vertex length = 31
Hash functions = 5
Filter size = 4194304
Capacity = 2
Files: 
salmon_index/ref_k31_fixed.fa
--------------------------------------------------------------------------------
Round 0, 0:4194304
Pass	Filling	Filtering
1	0	1	
2	0	0
True junctions count = 7
False junctions count = 267
Hash table size = 274
Candidate marks count = 281
--------------------------------------------------------------------------------
Reallocating bifurcations time: 0
True marks count: 16
Edges construction time: 0
--------------------------------------------------------------------------------
Distinct junctions = 7

for info, total work write each  : 2.331    total work inram from level 3 : 4.322  total work raw : 25.000 
Bitarray          901696  bits (100.00 %)   (array + ranks )
final hash             0  bits (0.00 %) (nb in final hash 0)
