STAR version=2.7.10b
STAR compilation time,server,dir= :/Users/distiller/project/STARcompile/source
STAR git: On branch master ; commit c6f8efc2c7043ef83bf8b0d9bed36bbb6b9b1133 ; diff files: 
##### Command Line:
STAR --genomeDir index --readFilesIn RARA.fq --runThreadN 1 --outFileNamePrefix Human. --outSAMtype BAM Unsorted --outSAMattrRGline ID:Human CN:CRUK SM:Human
##### Initial USER parameters from Command Line:
outFileNamePrefix                 Human.
###### All USER parameters from Command Line:
genomeDir                     index     ~RE-DEFINED
readFilesIn                   RARA.fq        ~RE-DEFINED
runThreadN                    1     ~RE-DEFINED
outFileNamePrefix             Human.     ~RE-DEFINED
outSAMtype                    BAM   Unsorted        ~RE-DEFINED
outSAMattrRGline              ID:Human   CN:CRUK   SM:Human        ~RE-DEFINED
##### Finished reading parameters from all sources

##### Final user re-defined parameters-----------------:
runThreadN                        1
genomeDir                         index
readFilesIn                       RARA.fq   
outFileNamePrefix                 Human.
outSAMtype                        BAM   Unsorted   
outSAMattrRGline                  ID:Human   CN:CRUK   SM:Human   

-------------------------------
##### Final effective command line:
STAR   --runThreadN 1   --genomeDir index   --readFilesIn RARA.fq      --outFileNamePrefix Human.   --outSAMtype BAM   Unsorted      --outSAMattrRGline ID:Human   CN:CRUK   SM:Human   
----------------------------------------

Number of fastq files for each mate = 1

EXITING because of fatal input ERROR: could not open readFilesIn=RARA.fq

Jun 18 23:34:28 ...... FATAL ERROR, exiting
